<?xml version="1.0" encoding="UTF-8"?>
<!-- Generated by org.testng.reporters.JUnitReportReporter -->
<testsuite skipped="0" hostname="DESKTOP-7V0L2NM" name="testng.LoginPageTestNG" tests="4" failures="0" timestamp="2021-06-13T09:30:14 IST" time="22.176" errors="0">
  <testcase name="invalidUsernameValidPassword" time="3.264" classname="testng.LoginPageTestNG"/>
  <system-out/>
  <testcase name="validUsernameInvalidPassword" time="3.975" classname="testng.LoginPageTestNG"/>
  <system-out/>
  <testcase name="invalidUsernameInvalidPassword" time="5.484" classname="testng.LoginPageTestNG"/>
  <system-out/>
  <testcase name="validUsernameValidPassword" time="9.453" classname="testng.LoginPageTestNG"/>
  <system-out/>
</testsuite> <!-- testng.LoginPageTestNG -->
