<?xml version="1.0" encoding="UTF-8"?>
<!-- Generated by org.testng.reporters.JUnitReportReporter -->
<testsuite skipped="0" hostname="DESKTOP-7V0L2NM" name="testcases.LeavePageTestNG" tests="2" failures="0" timestamp="2021-06-15T12:42:46 IST" time="21.050" errors="0">
  <testcase name="leaveMenuVerification" time="6.069" classname="testcases.LeavePageTestNG"/>
  <system-out/>
  <testcase name="applyLeave" time="14.981" classname="testcases.LeavePageTestNG"/>
  <system-out/>
</testsuite> <!-- testcases.LeavePageTestNG -->
