<?xml version="1.0" encoding="UTF-8"?>
<!-- Generated by org.testng.reporters.JUnitReportReporter -->
<testsuite skipped="0" hostname="DESKTOP-7V0L2NM" name="testcases.LoginPageTestNG" tests="4" failures="0" timestamp="2021-06-19T12:06:41 IST" time="21.965" errors="0">
  <testcase name="invalidUsernameValidPassword" time="3.230" classname="testcases.LoginPageTestNG"/>
  <system-out/>
  <testcase name="validUsernameInvalidPassword" time="3.595" classname="testcases.LoginPageTestNG"/>
  <system-out/>
  <testcase name="invalidUsernameInvalidPassword" time="6.798" classname="testcases.LoginPageTestNG"/>
  <system-out/>
  <testcase name="validUsernameValidPassword" time="8.342" classname="testcases.LoginPageTestNG"/>
  <system-out/>
</testsuite> <!-- testcases.LoginPageTestNG -->
