<?xml version="1.0" encoding="UTF-8"?>
<!-- Generated by org.testng.reporters.JUnitReportReporter -->
<testsuite skipped="0" hostname="DESKTOP-7V0L2NM" name="testcases.LeavePageTestNG" tests="1" failures="0" timestamp="2021-06-14T17:08:20 IST" time="2.692" errors="0">
  <testcase name="leaveMenuVerification" time="2.692" classname="testcases.LeavePageTestNG"/>
  <system-out/>
</testsuite> <!-- testcases.LeavePageTestNG -->
