<?xml version="1.0" encoding="UTF-8"?>
<!-- Generated by org.testng.reporters.JUnitReportReporter -->
<testsuite skipped="0" hostname="DESKTOP-7V0L2NM" name="testcases.LeavePageTestNG" tests="3" failures="0" timestamp="2021-06-19T12:06:41 IST" time="22.438" errors="0">
  <testcase name="leaveMenuVerification" time="6.022" classname="testcases.LeavePageTestNG"/>
  <system-out/>
  <testcase name="leaveMenuTitleVerification" time="1.699" classname="testcases.LeavePageTestNG"/>
  <system-out/>
  <testcase name="applyLeave" time="14.717" classname="testcases.LeavePageTestNG"/>
  <system-out/>
</testsuite> <!-- testcases.LeavePageTestNG -->
