<?xml version="1.0" encoding="UTF-8"?>
<!-- Generated by org.testng.reporters.JUnitReportReporter -->
<testsuite skipped="0" hostname="DESKTOP-7V0L2NM" name="wait.FluentWaitExample" tests="1" failures="0" timestamp="2021-05-29T14:40:41 IST" time="11.782" errors="0">
  <testcase name="testFunction" time="11.782" classname="wait.FluentWaitExample"/>
  <system-out/>
</testsuite> <!-- wait.FluentWaitExample -->
