<?xml version="1.0" encoding="UTF-8"?>
<!-- Generated by org.testng.reporters.JUnitReportReporter -->
<testsuite skipped="0" hostname="DESKTOP-7V0L2NM" name="testcases.LogoutPageTestNG" tests="1" failures="0" timestamp="2021-06-14T19:01:32 IST" time="7.506" errors="0">
  <testcase name="logoutVerification" time="7.506" classname="testcases.LogoutPageTestNG"/>
  <system-out/>
</testsuite> <!-- testcases.LogoutPageTestNG -->
