<?xml version="1.0" encoding="UTF-8"?>
<!-- Generated by org.testng.reporters.JUnitReportReporter -->
<testsuite skipped="0" hostname="DESKTOP-7V0L2NM" name="testcases.LoginPageTestNG" tests="4" failures="0" timestamp="2021-06-13T23:46:16 IST" time="26.993" errors="0">
  <testcase name="invalidUsernameValidPassword" time="4.070" classname="testcases.LoginPageTestNG"/>
  <system-out/>
  <testcase name="validUsernameInvalidPassword" time="3.475" classname="testcases.LoginPageTestNG"/>
  <system-out/>
  <testcase name="invalidUsernameInvalidPassword" time="5.508" classname="testcases.LoginPageTestNG"/>
  <system-out/>
  <testcase name="validUsernameValidPassword" time="13.940" classname="testcases.LoginPageTestNG"/>
  <system-out/>
</testsuite> <!-- testcases.LoginPageTestNG -->
