<?xml version="1.0" encoding="UTF-8"?>
<!-- Generated by org.testng.reporters.JUnitReportReporter -->
<testsuite skipped="1" hostname="DESKTOP-7V0L2NM" name="testcases.LeavePageTestNG" tests="3" failures="0" timestamp="2021-06-19T11:02:11 IST" time="8.192" errors="0">
  <testcase name="leaveMenuVerification" time="6.065" classname="testcases.LeavePageTestNG"/>
  <system-out/>
  <testcase name="leaveMenuTitleVerification" time="2.127" classname="testcases.LeavePageTestNG"/>
  <system-out/>
  <testcase name="applyLeave" classname="testcases.LeavePageTestNG">
    <skipped/>
  </testcase> <!-- applyLeave -->
  <system-out/>
</testsuite> <!-- testcases.LeavePageTestNG -->
