<?xml version="1.0" encoding="UTF-8"?>
<!-- Generated by org.testng.reporters.JUnitReportReporter -->
<testsuite skipped="3" hostname="DESKTOP-7V0L2NM" name="testcases.LoginPageTestNG" tests="4" failures="0" timestamp="2021-06-15T12:42:46 IST" time="8.905" errors="0">
  <testcase name="validUsernameValidPassword" time="8.905" classname="testcases.LoginPageTestNG"/>
  <system-out/>
  <testcase name="invalidUsernameValidPassword" classname="testcases.LoginPageTestNG">
    <skipped/>
  </testcase> <!-- invalidUsernameValidPassword -->
  <system-out/>
  <testcase name="validUsernameInvalidPassword" classname="testcases.LoginPageTestNG">
    <skipped/>
  </testcase> <!-- validUsernameInvalidPassword -->
  <system-out/>
  <testcase name="invalidUsernameInvalidPassword" classname="testcases.LoginPageTestNG">
    <skipped/>
  </testcase> <!-- invalidUsernameInvalidPassword -->
  <system-out/>
</testsuite> <!-- testcases.LoginPageTestNG -->
