<?xml version="1.0" encoding="UTF-8"?>
<!-- Generated by org.testng.reporters.JUnitReportReporter -->
<testsuite skipped="0" hostname="DESKTOP-7V0L2NM" name="testcases.UrlVerificationTestNG" tests="2" failures="0" timestamp="2021-06-14T11:29:29 IST" time="0.077" errors="0">
  <testcase name="urlVerification" time="0.048" classname="testcases.UrlVerificationTestNG"/>
  <system-out/>
  <testcase name="titleVerification" time="0.029" classname="testcases.UrlVerificationTestNG"/>
  <system-out/>
</testsuite> <!-- testcases.UrlVerificationTestNG -->
