<?xml version="1.0" encoding="UTF-8"?>
<!-- Generated by org.testng.reporters.JUnitReportReporter -->
<testsuite skipped="0" hostname="DESKTOP-7V0L2NM" name="testcases.UrlVerificationTestNG" tests="2" failures="0" timestamp="2021-06-15T12:42:46 IST" time="0.093" errors="0">
  <testcase name="urlVerification" time="0.085" classname="testcases.UrlVerificationTestNG"/>
  <system-out/>
  <testcase name="titleVerification" time="0.008" classname="testcases.UrlVerificationTestNG"/>
  <system-out/>
</testsuite> <!-- testcases.UrlVerificationTestNG -->
