<?xml version="1.0" encoding="UTF-8"?>
<!-- Generated by org.testng.reporters.JUnitReportReporter -->
<testsuite skipped="0" hostname="DESKTOP-7V0L2NM" name="testng.UrlVerificationTestNG" tests="1" failures="0" timestamp="2021-06-11T17:49:39 IST" time="2.046" errors="0">
  <testcase name="urlVerification" time="2.046" classname="testng.UrlVerificationTestNG"/>
  <system-out/>
</testsuite> <!-- testng.UrlVerificationTestNG -->
