<?xml version="1.0" encoding="UTF-8"?>
<!-- Generated by org.testng.reporters.JUnitReportReporter -->
<testsuite skipped="4" hostname="DESKTOP-7V0L2NM" name="testcases.ProjectsTestNG" tests="6" failures="0" timestamp="2021-06-19T11:02:11 IST" time="5.851" errors="0">
  <testcase name="projectMenuVerification" time="3.576" classname="testcases.ProjectsTestNG"/>
  <system-out/>
  <testcase name="projectMenuTitleVerification" time="2.275" classname="testcases.ProjectsTestNG"/>
  <system-out/>
  <testcase name="projectChangeStatusCheck" classname="testcases.ProjectsTestNG">
    <skipped/>
  </testcase> <!-- projectChangeStatusCheck -->
  <system-out/>
  <testcase name="addNewProject" classname="testcases.ProjectsTestNG">
    <skipped/>
  </testcase> <!-- addNewProject -->
  <system-out/>
  <testcase name="statusChangeVerify" classname="testcases.ProjectsTestNG">
    <skipped/>
  </testcase> <!-- statusChangeVerify -->
  <system-out/>
  <testcase name="verifyProjectInAllProjectsMenu" classname="testcases.ProjectsTestNG">
    <skipped/>
  </testcase> <!-- verifyProjectInAllProjectsMenu -->
  <system-out/>
</testsuite> <!-- testcases.ProjectsTestNG -->
