<?xml version="1.0" encoding="UTF-8"?>
<!-- Generated by org.testng.reporters.JUnitReportReporter -->
<testsuite skipped="0" hostname="DESKTOP-7V0L2NM" name="testcases.LoginPageTestNG" tests="4" failures="0" timestamp="2021-06-19T11:02:11 IST" time="24.257" errors="0">
  <testcase name="invalidUsernameValidPassword" time="3.696" classname="testcases.LoginPageTestNG"/>
  <system-out/>
  <testcase name="validUsernameInvalidPassword" time="3.927" classname="testcases.LoginPageTestNG"/>
  <system-out/>
  <testcase name="invalidUsernameInvalidPassword" time="5.721" classname="testcases.LoginPageTestNG"/>
  <system-out/>
  <testcase name="validUsernameValidPassword" time="10.913" classname="testcases.LoginPageTestNG"/>
  <system-out/>
</testsuite> <!-- testcases.LoginPageTestNG -->
