<?xml version="1.0" encoding="UTF-8"?>
<!-- Generated by org.testng.reporters.JUnitReportReporter -->
<testsuite skipped="4" hostname="DESKTOP-7V0L2NM" name="testcases.TaskPageTestNG" tests="6" failures="0" timestamp="2021-06-19T11:02:11 IST" time="4.487" errors="0">
  <testcase name="taskMenuVerification" time="2.398" classname="testcases.TaskPageTestNG"/>
  <system-out/>
  <testcase name="taskMenuTitleVerification" time="2.089" classname="testcases.TaskPageTestNG"/>
  <system-out/>
  <testcase name="addNewTask" classname="testcases.TaskPageTestNG">
    <skipped/>
  </testcase> <!-- addNewTask -->
  <system-out/>
  <testcase name="downloadSampleFile" classname="testcases.TaskPageTestNG">
    <skipped/>
  </testcase> <!-- downloadSampleFile -->
  <system-out/>
  <testcase name="importTaskFile" classname="testcases.TaskPageTestNG">
    <skipped/>
  </testcase> <!-- importTaskFile -->
  <system-out/>
  <testcase name="deleteTask" classname="testcases.TaskPageTestNG">
    <skipped/>
  </testcase> <!-- deleteTask -->
  <system-out/>
</testsuite> <!-- testcases.TaskPageTestNG -->
