<?xml version="1.0" encoding="UTF-8"?>
<!-- Generated by org.testng.reporters.JUnitReportReporter -->
<testsuite skipped="0" hostname="DESKTOP-7V0L2NM" name="testcases.LoginPageTestNG" tests="4" failures="0" timestamp="2021-06-14T17:08:20 IST" time="26.331" errors="0">
  <testcase name="invalidUsernameValidPassword" time="3.196" classname="testcases.LoginPageTestNG"/>
  <system-out/>
  <testcase name="validUsernameInvalidPassword" time="3.302" classname="testcases.LoginPageTestNG"/>
  <system-out/>
  <testcase name="invalidUsernameInvalidPassword" time="5.221" classname="testcases.LoginPageTestNG"/>
  <system-out/>
  <testcase name="validUsernameValidPassword" time="14.612" classname="testcases.LoginPageTestNG"/>
  <system-out/>
</testsuite> <!-- testcases.LoginPageTestNG -->
