<?xml version="1.0" encoding="UTF-8"?>
<!-- Generated by org.testng.reporters.JUnitReportReporter -->
<testsuite skipped="0" hostname="DESKTOP-7V0L2NM" name="testcases.LogoutPageTestNG" tests="1" failures="0" timestamp="2021-06-19T12:06:41 IST" time="6.832" errors="0">
  <testcase name="logoutVerification" time="6.832" classname="testcases.LogoutPageTestNG"/>
  <system-out/>
</testsuite> <!-- testcases.LogoutPageTestNG -->
