<?xml version="1.0" encoding="UTF-8"?>
<!-- Generated by org.testng.reporters.JUnitReportReporter -->
<testsuite skipped="0" hostname="DESKTOP-7V0L2NM" name="testcases.LoginPageTestNG" tests="4" failures="0" timestamp="2021-06-14T21:20:15 IST" time="40.911" errors="0">
  <testcase name="invalidUsernameValidPassword" time="3.616" classname="testcases.LoginPageTestNG"/>
  <system-out/>
  <testcase name="validUsernameInvalidPassword" time="3.510" classname="testcases.LoginPageTestNG"/>
  <system-out/>
  <testcase name="invalidUsernameInvalidPassword" time="6.706" classname="testcases.LoginPageTestNG"/>
  <system-out/>
  <testcase name="validUsernameValidPassword" time="27.079" classname="testcases.LoginPageTestNG"/>
  <system-out/>
</testsuite> <!-- testcases.LoginPageTestNG -->
