<?xml version="1.0" encoding="UTF-8"?>
<!-- Generated by org.testng.reporters.JUnitReportReporter -->
<testsuite skipped="4" hostname="DESKTOP-7V0L2NM" name="testng.TaskPageTestNG" tests="5" failures="0" timestamp="2021-06-11T17:49:39 IST" time="2.115" errors="0">
  <testcase name="taskMenuVerification" time="2.115" classname="testng.TaskPageTestNG"/>
  <system-out/>
  <testcase name="importTaskFile" classname="testng.TaskPageTestNG">
    <skipped/>
  </testcase> <!-- importTaskFile -->
  <system-out/>
  <testcase name="downloadSampleFile" classname="testng.TaskPageTestNG">
    <skipped/>
  </testcase> <!-- downloadSampleFile -->
  <system-out/>
  <testcase name="addNewTask" classname="testng.TaskPageTestNG">
    <skipped/>
  </testcase> <!-- addNewTask -->
  <system-out/>
  <testcase name="deleteTask" classname="testng.TaskPageTestNG">
    <skipped/>
  </testcase> <!-- deleteTask -->
  <system-out/>
</testsuite> <!-- testng.TaskPageTestNG -->
