<?xml version="1.0" encoding="UTF-8"?>
<!-- Generated by org.testng.reporters.JUnitReportReporter -->
<testsuite skipped="3" hostname="DESKTOP-7V0L2NM" name="testcases.ProjectsTestNG" tests="4" failures="0" timestamp="2021-06-14T17:08:20 IST" time="8.250" errors="0">
  <testcase name="projectMenuVerification" time="8.250" classname="testcases.ProjectsTestNG"/>
  <system-out/>
  <testcase name="projectChangeStatusCheck" classname="testcases.ProjectsTestNG">
    <skipped/>
  </testcase> <!-- projectChangeStatusCheck -->
  <system-out/>
  <testcase name="addNewProject" classname="testcases.ProjectsTestNG">
    <skipped/>
  </testcase> <!-- addNewProject -->
  <system-out/>
  <testcase name="verifyProjectInAllProjectsMenu" classname="testcases.ProjectsTestNG">
    <skipped/>
  </testcase> <!-- verifyProjectInAllProjectsMenu -->
  <system-out/>
</testsuite> <!-- testcases.ProjectsTestNG -->
