<?xml version="1.0" encoding="UTF-8"?>
<!-- Generated by org.testng.reporters.JUnitReportReporter -->
<testsuite skipped="0" hostname="DESKTOP-7V0L2NM" name="testcases.LeavePageTestNG" tests="2" failures="0" timestamp="2021-06-14T21:20:15 IST" time="14.471" errors="0">
  <testcase name="leaveMenuVerification" time="6.963" classname="testcases.LeavePageTestNG"/>
  <system-out/>
  <testcase name="applyLeave" time="7.508" classname="testcases.LeavePageTestNG"/>
  <system-out/>
</testsuite> <!-- testcases.LeavePageTestNG -->
