<?xml version="1.0" encoding="UTF-8"?>
<!-- Generated by org.testng.reporters.JUnitReportReporter -->
<testsuite skipped="3" hostname="DESKTOP-7V0L2NM" name="testng.ProjectsTestNG" tests="4" failures="0" timestamp="2021-06-11T17:49:39 IST" time="2.599" errors="0">
  <testcase name="projectMenuVerification" time="2.599" classname="testng.ProjectsTestNG"/>
  <system-out/>
  <testcase name="projectChangeStatusCheck" classname="testng.ProjectsTestNG">
    <skipped/>
  </testcase> <!-- projectChangeStatusCheck -->
  <system-out/>
  <testcase name="verifyProjectInAllProjectsMenu" classname="testng.ProjectsTestNG">
    <skipped/>
  </testcase> <!-- verifyProjectInAllProjectsMenu -->
  <system-out/>
  <testcase name="addNewProject" classname="testng.ProjectsTestNG">
    <skipped/>
  </testcase> <!-- addNewProject -->
  <system-out/>
</testsuite> <!-- testng.ProjectsTestNG -->
